<?xml version="1.0" encoding="UTF-8"?>
<!-- Generated by org.testng.reporters.JUnitXMLReporter -->
<testsuite hostname="LAPTOP-JEI8AS0O" ignored="0" name="Test" tests="7" failures="1" timestamp="26 May 2019 19:02:37 GMT" time="30.005" errors="0">
  <testcase name="functionThree" time="0.005" classname="testcases.RegressionTest"/>
  <testcase name="functionOne" time="0.002" classname="testcases.RegressionTest"/>
  <testcase name="functionTwo" time="0.001" classname="testcases.RegressionTest"/>
  <testcase name="LoginTestPositive" time="3.99" classname="testcases.LoginTest"/>
  <testcase name="LoginTestNegativeUser" time="0.446" classname="testcases.LoginTest"/>
  <testcase name="LoginTestNegativePass" time="0.95" classname="testcases.LoginTest"/>
  <testcase name="FailDelibrately" time="1.008" classname="testcases.LoginTest">
    <failure type="java.lang.AssertionError" message="expected [true] but found [false]">
      <![CDATA[java.lang.AssertionError: expected [true] but found [false]
at testcases.LoginTest.FailDelibrately(LoginTest.java:57)
... Removed 29 stack frames]]>
    </failure>
  </testcase> <!-- FailDelibrately -->
</testsuite> <!-- Test -->
